Emergency alert from ash (Wong) at 2024-10-08 13:54:47
Emergency alert from ash (Wong) at 2024-10-08 13:55:07
Emergency alert from ash (Wong) at 2024-10-08 13:56:30
Emergency alert from ash (Wong) at 2024-10-08 14:34:58
Emergency alert from ash (Wong) at 2024-10-08 14:41:15
Emergency alert from ash (Wong) at 2024-10-08 14:41:24
Emergency alert from ash (Wong) at 2024-10-08 14:41:40
Emergency alert from admin (Bieber) at 2024-10-08 14:45:14
Emergency alert from admin (Bieber) at 2024-10-08 14:46:24
Emergency alert from admin (Bieber) at 2024-10-08 14:48:38
Emergency alert from user (Joseph) at 2024-10-08 14:49:28
Emergency alert from katy (Perry) at 2024-10-08 14:50:37
Emergency alert from katy (Perry) at 2024-10-08 14:53:59
Emergency alert from katy (Perry) at 2024-10-08 14:54:53
Emergency alert from katy (Perry) at 2024-10-08 14:55:30
Emergency alert from katy (Perry) at 2024-10-08 15:01:01
Emergency alert from katy (Perry) at 2024-10-08 15:02:16
Emergency alert from katy (Perry) at 2024-10-08 15:02:51
Emergency alert from katy (Perry) at 2024-10-08 15:03:09
Emergency alert from katy (Perry) at 2024-10-08 15:07:55
Emergency alert from katy (Perry) at 2024-10-08 15:12:24
Emergency alert from katy (Perry) at 2024-10-08 15:12:43
Emergency alert from katy (Perry) at 2024-10-08 15:13:11
Emergency alert from katy (Perry) at 2024-10-08 15:13:35
Emergency alert from katy (Perry) at 2024-10-08 15:13:44
Emergency alert from katy (Perry) at 2024-10-08 15:17:01
Emergency alert from katy (Perry) at 2024-10-08 15:17:27
Emergency alert from katy (Perry) at 2024-10-08 15:17:42
Emergency alert from katy (Perry) at 2024-10-08 15:18:34
Emergency alert from katy (Perry) at 2024-10-08 15:18:49
Emergency alert from katy (Perry) at 2024-10-08 15:19:42
Emergency alert from katy (Perry) at 2024-10-08 15:20:42
Emergency alert from katy (Perry) at 2024-10-08 15:21:39
Emergency alert from katy (Perry) at 2024-10-08 15:22:04
Emergency alert from katy (Perry) at 2024-10-08 15:22:34
Emergency alert from katy (Perry) at 2024-10-08 15:22:54
Emergency alert from katy (Perry) at 2024-10-08 15:28:24
Emergency alert from katy (Perry) at 2024-10-08 15:30:53
Emergency alert from katy (Perry) at 2024-10-08 15:31:22
Emergency alert from katy (Perry) at 2024-10-08 15:31:34
Emergency alert from katy (Perry) at 2024-10-08 15:33:17
Emergency alert from katy (Perry) at 2024-10-08 15:33:40
Emergency alert from katy (Perry) at 2024-10-08 15:34:06
Emergency alert from katy (Perry) at 2024-10-08 15:34:39
Emergency alert from katy (Perry) at 2024-10-08 15:44:06
Emergency alert from katy (Perry) at 2024-10-08 15:44:35
Emergency alert from katy (Perry) at 2024-10-08 15:45:44
Emergency alert from katy (Perry) at 2024-10-08 15:46:04
Emergency alert from katy (Perry) at 2024-10-08 15:46:23
Emergency alert from katy (Perry) at 2024-10-08 15:46:42
Emergency alert from katy (Perry) at 2024-10-08 15:49:31
Emergency alert from katy (Perry) at 2024-10-08 15:52:16
Emergency alert from katy (Perry) at 2024-10-08 15:53:13
Emergency alert from katy (Perry) at 2024-10-08 15:53:19
Emergency alert from katy (Perry) at 2024-10-08 15:55:02
Emergency alert from katy (Perry) at 2024-10-08 15:56:14
Emergency alert from katy (Perry) at 2024-10-08 15:56:58
Emergency alert from katy (Perry) at 2024-10-08 15:57:27
Emergency alert from katy (Perry) at 2024-10-08 15:57:40
Emergency alert from katy (Perry) at 2024-10-08 15:58:32
Emergency alert from katy (Perry) at 2024-10-08 15:58:58
Emergency alert from katy (Perry) at 2024-10-08 15:59:15
Emergency alert from katy (Perry) at 2024-10-08 15:59:21
Emergency alert from katy (Perry) at 2024-10-08 16:06:00
Emergency alert from katy (Perry) at 2024-10-08 16:08:50
Emergency alert from katy (Perry) at 2024-10-08 16:09:11
Emergency alert from katy (Perry) at 2024-10-08 16:09:24
Emergency alert from katy (Perry) at 2024-10-08 16:09:44
Emergency alert from katy (Perry) at 2024-10-08 16:14:36
Emergency alert from katy (Perry) at 2024-10-08 16:16:53
Emergency alert from katy (Perry) at 2024-10-08 16:19:08
Emergency alert from katy (Perry) at 2024-10-08 16:19:34
Emergency alert from katy (Perry) at 2024-10-08 16:19:56
Emergency alert from katy (Perry) at 2024-10-08 16:21:10
Emergency alert from katy (Perry) at 2024-10-08 16:21:40
Emergency alert from katy (Perry) at 2024-10-08 16:21:59
Emergency alert from katy (Perry) at 2024-10-08 16:22:22
Emergency alert from katy (Perry) at 2024-10-08 16:22:50
Emergency alert from katy (Perry) at 2024-10-08 16:23:07
Emergency alert from katy (Perry) at 2024-10-08 16:26:44
Emergency alert from katy (Perry) at 2024-10-08 16:29:45
Emergency alert from katy (Perry) at 2024-10-08 16:31:26
Emergency alert from katy (Perry) at 2024-10-08 16:32:03
Emergency alert from katy (Perry) at 2024-10-08 16:32:38
Emergency alert from katy (Perry) at 2024-10-08 16:33:06
Emergency alert from katy (Perry) at 2024-10-08 16:34:20
Emergency alert from taylor (Swift) at 2024-10-08 16:35:19
Emergency alert from taylor (Swift) at 2024-10-08 16:41:19
Emergency alert from taylor (Swift) at 2024-10-08 16:45:02
Emergency alert from taylor (Swift) at 2024-10-08 16:47:45
Emergency alert from user (Joseph) at 2024-10-08 17:04:06
Emergency alert from user (Joseph) at 2024-10-08 17:04:37
Emergency alert from user (Joseph) at 2024-10-08 17:06:42
Emergency alert from ash (Wong) at 2024-10-10 02:00:32
Emergency alert from ash (Wong) at 2024-10-10 06:44:34
Emergency alert from ash (Wong) at 2024-10-10 06:45:08
Emergency alert from ash (Wong) at 2024-10-12 14:55:31
Emergency alert from ash (Wong) at 2024-10-12 15:58:27
Emergency alert from ash (Wong) at 2024-10-12 16:06:01
Emergency alert from ash (Wong) at 2024-10-12 16:11:25
Emergency alert from ash (Wong) at 2024-10-12 16:11:45
Emergency alert from ash (Wong) at 2024-10-12 16:16:29
Emergency alert from  Wong (Contact: ) at 2024-10-12 16:22:16
Emergency alert from  (Contact: ) at 2024-10-12 16:29:46
Emergency alert from  (Contact: ) at 2024-10-12 16:30:14
Emergency alert from ash (Wong) at 2024-10-12 16:31:02
Emergency alert from ash (Wong) at October 12, 2024 04:32 PM
Emergency alert from ash (Wong) at October 12, 2024 04:33 PM
Emergency alert from ash (Wong) at October 12, 2024 10:34 PM
Emergency alert from ash (Wong) at October 12, 2024 10:40 PM
Emergency alert from ash (Wong) at October 12, 2024 10:48 PM
Emergency alert from ash (Wong) at October 12, 2024 10:50 PM
Emergency alert from ash (Wong) at October 12, 2024 10:52 PM
Emergency alert from ash (Wong) at October 12, 2024 10:57 PM
Emergency alert from ash (Wong) at October 12, 2024 11:03 PM
Emergency alert from ash (Wong) at October 12, 2024 11:04 PM
Emergency alert from ash (Wong) at October 12, 2024 11:06 PM
Emergency alert from ash (Wong) at October 12, 2024 11:06 PM
Emergency alert from ash (Wong) at October 12, 2024 11:07 PM
Emergency alert from student (Unarce) at October 12, 2024 11:07 PM
Emergency alert from student (Unarce) at October 12, 2024 11:08 PM
Emergency alert from ash (Wong) at October 12, 2024 11:08 PM
Emergency alert from student (Unarce) at October 12, 2024 11:11 PM
Emergency alert from student (Unarce) at October 12, 2024 11:11 PM
Emergency alert from ash (Wong) at October 12, 2024 11:11 PM
Emergency alert from ash (Wong) at October 12, 2024 11:17 PM
Emergency alert from ash (Wong) at October 12, 2024 11:19 PM
Emergency alert from ash (Wong) at October 12, 2024 11:19 PM
Emergency alert from ash (Wong) at October 12, 2024 11:20 PM
Emergency alert from student (Unarce) at October 12, 2024 11:20 PM
Emergency alert from ash (Wong) at October 12, 2024 11:22 PM
Emergency alert from ash (Wong) at October 12, 2024 11:25 PM
Emergency alert from ash (Wong) at October 12, 2024 11:26 PM
Emergency alert from ash (Wong) at October 12, 2024 11:27 PM
Emergency alert from ash (Wong) at October 12, 2024 11:27 PM
Emergency alert from student (Unarce) at October 12, 2024 11:28 PM
Emergency alert from student (Unarce) at October 12, 2024 11:29 PM
Emergency alert from student (Unarce) at October 12, 2024 11:30 PM
Emergency alert from student (Unarce) at October 12, 2024 11:31 PM
Emergency alert from student (Unarce) at October 12, 2024 11:32 PM
Emergency alert from student (Unarce) at October 12, 2024 11:32 PM
Emergency alert from student (Unarce) at October 12, 2024 11:33 PM
Emergency alert from student (Unarce) at October 12, 2024 11:33 PM
Emergency alert from student (Unarce) at October 12, 2024 11:34 PM
Emergency alert from student (Unarce) at October 12, 2024 11:34 PM
Emergency alert from student (Unarce) at October 12, 2024 11:36 PM
Emergency alert from ash (Wong) at October 13, 2024 01:05 AM
Emergency alert from ash (Wong) at October 13, 2024 01:06 AM
Emergency alert from ash (Wong) at October 13, 2024 01:07 AM
Emergency alert from ash (Wong) at October 13, 2024 01:12 AM
Emergency alert from ash (Wong) at October 13, 2024 01:13 AM
Emergency alert from ash (Wong) at October 13, 2024 01:18 AM
Emergency alert from ash (Wong) at October 13, 2024 01:21 AM
Emergency alert from ash (Wong) at October 13, 2024 01:22 AM
Emergency alert from ash (Wong) at October 13, 2024 01:24 AM
Emergency alert from ash (Wong) at October 13, 2024 01:25 AM
Emergency alert from ash (Wong) at October 13, 2024 01:27 AM
Emergency alert from ash (Wong) at October 13, 2024 01:33 AM
Emergency alert from ash (Wong) at October 13, 2024 01:49 AM
Emergency alert from ash (Wong) at October 13, 2024 01:50 AM
Emergency alert from ash (Wong) at October 13, 2024 01:52 AM
Emergency alert from ash (Wong) at October 13, 2024 01:52 AM
Emergency alert from ash (Wong) at October 13, 2024 01:53 AM
Emergency alert from ash (Wong) at October 13, 2024 01:57 AM
Emergency alert from ash (Wong) at October 13, 2024 01:58 AM
Emergency alert from ash (Wong) at October 13, 2024 01:59 AM
Emergency alert from ash (Wong) at October 13, 2024 02:07 AM
Emergency alert from ash (Wong) at October 13, 2024 02:08 AM
Emergency alert from ash (Wong) at October 13, 2024 02:11 AM
Emergency alert from ash (Wong) at October 13, 2024 02:20 AM
Emergency alert from ash (Wong) at October 13, 2024 02:33 AM
Emergency alert from ash (Wong) at October 13, 2024 02:41 AM
Emergency alert from ash (Wong) at October 13, 2024 02:42 AM
Emergency alert from ash (Wong) at October 13, 2024 02:42 AM
Emergency alert from ash (Wong) at October 13, 2024 02:43 AM
Emergency alert from ash (Wong) at October 13, 2024 12:06 PM
Emergency alert from ash (Wong) at October 13, 2024 12:12 PM
Emergency alert from ash (Wong) at October 13, 2024 12:13 PM
Emergency alert from student (Joseph) at October 13, 2024 01:13 PM
Emergency alert from student (Joseph) at October 13, 2024 01:26 PM
Emergency alert from ash (Wong) at October 13, 2024 01:54 PM
Emergency alert from ash (Wong) at October 13, 2024 02:46 PM
Emergency alert from ash (Wong) at October 13, 2024 03:07 PM
Emergency alert from admin (Joseph) at October 13, 2024 05:40 PM
Emergency alert from admin (Joseph) at October 13, 2024 05:43 PM
Emergency alert from admin (Joseph) at October 13, 2024 05:47 PM
Emergency alert from admin (Joseph) at October 13, 2024 05:48 PM
Emergency alert from admin (Joseph) at October 13, 2024 05:49 PM
Emergency alert from admin (Joseph) at October 13, 2024 05:50 PM
Emergency alert from admin (Joseph) at October 13, 2024 05:50 PM
Emergency alert from admin (Joseph) at October 13, 2024 05:51 PM
Emergency alert from admin (Joseph) at October 13, 2024 05:52 PM
Emergency alert from admin (Joseph) at October 13, 2024 05:52 PM
Emergency alert from admin (Joseph) at October 13, 2024 05:52 PM
Emergency alert from admin (Joseph) at October 13, 2024 05:52 PM
Emergency alert from admin (Joseph) at October 13, 2024 05:52 PM
Emergency alert from admin (Joseph) at October 13, 2024 05:53 PM
Emergency alert from admin (Joseph) at October 13, 2024 05:53 PM
Emergency alert from admin (Joseph) at October 13, 2024 05:54 PM
Emergency alert from admin (Joseph) at October 13, 2024 05:54 PM
Emergency alert from admin (Joseph) at October 13, 2024 05:54 PM
Emergency alert from admin (Joseph) at October 13, 2024 05:54 PM
Emergency alert from admin (Joseph) at October 13, 2024 05:55 PM
Emergency alert from admin (Joseph) at October 13, 2024 06:01 PM
Emergency alert from admin (Joseph) at October 13, 2024 06:04 PM
Emergency alert from admin (Joseph) at October 13, 2024 06:07 PM
Emergency alert from ash (Wong) at October 13, 2024 06:13 PM
Emergency alert from ash (Wong) at October 13, 2024 06:14 PM
Emergency alert from ash (Wong) at October 13, 2024 06:17 PM
Emergency alert from ash (Wong) at October 13, 2024 06:18 PM
Emergency alert from ash (Wong) at October 13, 2024 06:19 PM
Emergency alert from ash (Wong) at October 13, 2024 06:20 PM
Emergency alert from ash (Wong) at October 13, 2024 06:21 PM
Emergency alert from ash (Wong) at October 13, 2024 06:23 PM
Emergency alert from ash (Wong) at October 13, 2024 06:23 PM
Emergency alert from ash (Wong) at October 13, 2024 06:24 PM
Emergency alert from ash (Wong) at October 13, 2024 06:25 PM
Emergency alert from ash (Wong) at October 13, 2024 06:25 PM
Emergency alert from ash (Wong) at October 13, 2024 06:35 PM
Emergency alert from ash (Wong) at October 13, 2024 06:35 PM
Emergency alert from ash (Wong) at October 13, 2024 06:35 PM
Emergency alert from ash (Wong) at October 13, 2024 06:36 PM
Emergency alert from ash (Wong) at October 13, 2024 06:36 PM
Emergency alert from ash (Wong) at October 13, 2024 06:40 PM
Emergency alert from ash (Wong) at October 13, 2024 06:42 PM
Emergency alert from ash (Wong) at October 13, 2024 06:43 PM
Emergency alert from ash (Wong) at October 13, 2024 06:44 PM
Emergency alert from ash (Wong) at October 13, 2024 06:44 PM
Emergency alert from ash (Wong) at October 13, 2024 06:45 PM
Emergency alert from ash (Wong) at October 13, 2024 07:00 PM
Emergency alert from ash (Wong) at October 13, 2024 07:08 PM
Emergency alert from johndoe (Joseph) at October 13, 2024 07:12 PM
Emergency alert from ash (Wong) at October 13, 2024 08:10 PM
Emergency alert from ash (Wong) at October 13, 2024 08:15 PM
Emergency alert from ash (Wong) at October 14, 2024 01:49 AM
Emergency alert from ash (Wong) at October 14, 2024 06:26 PM
Emergency alert from Wong  at October 14, 2024 06:28 PM
Emergency alert from ash (Wong) at October 14, 2024 06:28 PM
Emergency Alert from Wong, ,  at October 14, 2024 06:32 PM
Emergency Alert from Wong, ,  at October 14, 2024 06:34 PM
Emergency alert from ash (Wong) at October 14, 2024 06:34 PM
Emergency alert from ash (Wong) at October 14, 2024 06:35 PM
Emergency alert from ash (Wong) at October 14, 2024 06:36 PM
Emergency alert from ash (Wong) at October 14, 2024 06:36 PM
Emergency Alert from Wong,  : at October 14, 2024 06:40 PM
Emergency Alert from Wong,  : at October 14, 2024 06:42 PM
Emergency Alert from Wong,  : at October 14, 2024 06:42 PM
Emergency alert from ash (Wong) at October 14, 2024 06:43 PM
Emergency alert from $Wong,   at October 14, 2024 06:45 PM
Emergency alert from $Wong,   at October 14, 2024 06:46 PM
Emergency alert from $Wong,   at October 14, 2024 06:46 PM
Emergency alert from ash (Wong) at October 14, 2024 06:46 PM
Emergency Alert from Wong,  : at October 14, 2024 06:51 PM
Emergency Alert from Wong, Ada : at October 14, 2024 06:53 PM
Emergency alert from  (Wong) at October 14, 2024 06:54 PM
Emergency alert from  (Wong) at October 14, 2024 06:54 PM
Emergency alert from  (Wong) at October 14, 2024 06:54 PM
Emergency alert from  (Wong) at October 14, 2024 06:55 PM
Emergency alert from ash (Wong) at October 14, 2024 06:55 PM
Emergency alert from ash (Wong) at October 14, 2024 06:56 PM
Emergency alert from ash (Wong) at October 14, 2024 07:07 PM
Emergency alert from ash () at October 14, 2024 07:08 PM
Emergency alert from  (Wong) at October 14, 2024 07:08 PM
Emergency alert from  (Wong) at October 14, 2024 07:09 PM
Emergency alert from  (Wong) at October 14, 2024 07:09 PM
Emergency alert from  (Wong) at October 14, 2024 07:10 PM
Emergency alert from  (Wong) at October 14, 2024 07:10 PM
Emergency alert from  (Wong) at October 14, 2024 07:10 PM
Emergency alert from ash (Wong) at October 14, 2024 07:10 PM
Emergency alert from admin (Bieber) at October 14, 2024 07:11 PM
Emergency alert from ash (Wong) at October 14, 2024 08:30 PM
Emergency alert from abagon (Abagon) at October 14, 2024 08:55 PM
Emergency alert from abagon (Abagon) at October 14, 2024 09:01 PM
Emergency alert from abagon (Abagon) at October 14, 2024 09:05 PM
Emergency alert from abagon (Abagon) at October 15, 2024 01:40 AM
Emergency alert from abagon (Abagon) at October 15, 2024 01:40 AM
Emergency alert from abagon (Abagon) at October 15, 2024 01:59 AM
Emergency alert from abagon (Abagon) at October 15, 2024 01:59 AM
Emergency alert from abagon (Abagon) at October 15, 2024 02:03 AM
Emergency alert from ash (Wong) at October 16, 2024 01:32 AM
Emergency alert from james (Abagon) at October 16, 2024 03:07 AM
Emergency alert from john (Arriesgado) at October 16, 2024 03:46 AM
Emergency alert from ash (Wong) at October 16, 2024 04:41 AM
Emergency alert from ash (Wong) at October 16, 2024 04:48 AM
Emergency alert from ash (Wong) at October 16, 2024 05:18 AM
Emergency alert from neik (Estuesta) at October 16, 2024 07:44 AM
